2022-04-13 10:06:52 mercari_driver  ERROR         nameとpriceを取得できませんでした。
2022-04-13 10:06:52 mercari_driver  ERROR         None
2022-04-13 10:07:09 mercari_driver  ERROR         priceを取得できませんでした。
2022-04-13 10:07:09 mercari_driver  ERROR         None
2022-04-13 10:07:09 mercari_driver  ERROR         sales_rateを取得できませんでした。
2022-04-13 10:07:09 mercari_driver  ERROR         None
2022-04-13 10:07:09 mercari_driver  ERROR         item_quantityを取得できませんでした。
2022-04-13 10:07:09 mercari_driver  ERROR         None
2022-04-13 10:07:09 mercari_driver  ERROR         item_quantity_text: 
2022-04-13 10:07:23 mercari_driver  ERROR         nameとpriceを取得できませんでした。
2022-04-13 10:07:23 mercari_driver  ERROR         None
2022-04-13 10:07:28 mercari_driver  ERROR         nameとpriceを取得できませんでした。
2022-04-13 10:07:28 mercari_driver  ERROR         None
2022-04-13 10:07:33 mercari_driver  ERROR         nameとpriceを取得できませんでした。
2022-04-13 10:07:33 mercari_driver  ERROR         None
2022-05-30 18:34:57 mercari_driver  ERROR         priceを取得できませんでした。
2022-05-30 18:34:57 mercari_driver  ERROR         None
2022-05-30 18:34:58 mercari_driver  ERROR         sales_rateを取得できませんでした。
2022-05-30 18:34:58 mercari_driver  ERROR         None
2022-06-08 23:56:09 mercari_driver  ERROR         priceを取得できませんでした。
2022-06-08 23:56:09 mercari_driver  ERROR         None
2022-06-08 23:56:09 mercari_driver  ERROR         sales_rateを取得できませんでした。
2022-06-08 23:56:09 mercari_driver  ERROR         None
2022-06-09 22:34:47 mercari_driver  ERROR         priceを取得できませんでした。
2022-06-09 22:34:47 mercari_driver  ERROR         None
2022-06-09 22:34:47 mercari_driver  ERROR         sales_rateを取得できませんでした。
2022-06-09 22:34:47 mercari_driver  ERROR         None
2022-06-11 23:44:33 mercari_driver  ERROR         priceを取得できませんでした。
2022-06-11 23:44:33 mercari_driver  ERROR         None
